2018/06/08 10:11:10 [error] [exception.CHttpException.400] CHttpException: Your request is invalid. in /Users/davidwong/Development/htdocs/framework/web/CController.php:337
Stack trace:
#0 /Users/davidwong/Development/htdocs/framework/web/CController.php(309): CController->invalidActionParams(Object(CInlineAction))
#1 /Users/davidwong/Development/htdocs/framework/web/CController.php(286): CController->runAction(Object(CInlineAction))
#2 /Users/davidwong/Development/htdocs/framework/web/CController.php(265): CController->runActionWithFilters(Object(CInlineAction), Array)
#3 /Users/davidwong/Development/htdocs/framework/web/CWebApplication.php(282): CController->run('searchhotel')
#4 /Users/davidwong/Development/htdocs/framework/web/CWebApplication.php(141): CWebApplication->runController('mg/hoteldata/se...')
#5 /Users/davidwong/Development/htdocs/framework/base/CApplication.php(185): CWebApplication->processRequest()
#6 /Users/davidwong/Development/htdocs/klikmg/index.php(13): CApplication->run()
#7 {main}
REQUEST_URI=/klikmg/index.php?r=mg/hoteldata/searchhotel&destCountry=WSASTH&city=WSASTHBKK&hotelCode=&WSASIDDPS=&checkIn=2018-06-08&checkOut=2018-06-09
---
2018/06/08 10:11:43 [error] [exception.CHttpException.400] CHttpException: Your request is invalid. in /Users/davidwong/Development/htdocs/framework/web/CController.php:337
Stack trace:
#0 /Users/davidwong/Development/htdocs/framework/web/CController.php(309): CController->invalidActionParams(Object(CInlineAction))
#1 /Users/davidwong/Development/htdocs/framework/web/CController.php(286): CController->runAction(Object(CInlineAction))
#2 /Users/davidwong/Development/htdocs/framework/web/CController.php(265): CController->runActionWithFilters(Object(CInlineAction), Array)
#3 /Users/davidwong/Development/htdocs/framework/web/CWebApplication.php(282): CController->run('searchhotel')
#4 /Users/davidwong/Development/htdocs/framework/web/CWebApplication.php(141): CWebApplication->runController('mg/hoteldata/se...')
#5 /Users/davidwong/Development/htdocs/framework/base/CApplication.php(185): CWebApplication->processRequest()
#6 /Users/davidwong/Development/htdocs/klikmg/index.php(13): CApplication->run()
#7 {main}
REQUEST_URI=/klikmg/index.php?r=mg/hoteldata/searchhotel&destCountry=WSASTH&city=WSASTHBKK&hotelCode=&WSASIDDPS000011=&checkIn=2018-06-08&checkOut=2018-06-09
---
2018/06/08 10:12:08 [error] [exception.CHttpException.400] CHttpException: Your request is invalid. in /Users/davidwong/Development/htdocs/framework/web/CController.php:337
Stack trace:
#0 /Users/davidwong/Development/htdocs/framework/web/CController.php(309): CController->invalidActionParams(Object(CInlineAction))
#1 /Users/davidwong/Development/htdocs/framework/web/CController.php(286): CController->runAction(Object(CInlineAction))
#2 /Users/davidwong/Development/htdocs/framework/web/CController.php(265): CController->runActionWithFilters(Object(CInlineAction), Array)
#3 /Users/davidwong/Development/htdocs/framework/web/CWebApplication.php(282): CController->run('searchhotel')
#4 /Users/davidwong/Development/htdocs/framework/web/CWebApplication.php(141): CWebApplication->runController('mg/hoteldata/se...')
#5 /Users/davidwong/Development/htdocs/framework/base/CApplication.php(185): CWebApplication->processRequest()
#6 /Users/davidwong/Development/htdocs/klikmg/index.php(13): CApplication->run()
#7 {main}
REQUEST_URI=/klikmg/index.php?r=mg/hoteldata/searchhotel&destCountry=WSASID&city=WSASIDDPS&hotelCode=&WSASIDDPS000011=&checkIn=2018-06-08&checkOut=2018-06-09
---
2018/06/08 10:46:25 [error] [exception.CHttpException.400] CHttpException: Your request is invalid. in /Users/davidwong/Development/htdocs/framework/web/CController.php:337
Stack trace:
#0 /Users/davidwong/Development/htdocs/framework/web/CController.php(309): CController->invalidActionParams(Object(CInlineAction))
#1 /Users/davidwong/Development/htdocs/framework/web/CController.php(286): CController->runAction(Object(CInlineAction))
#2 /Users/davidwong/Development/htdocs/framework/web/CController.php(265): CController->runActionWithFilters(Object(CInlineAction), Array)
#3 /Users/davidwong/Development/htdocs/framework/web/CWebApplication.php(282): CController->run('searchhotel')
#4 /Users/davidwong/Development/htdocs/framework/web/CWebApplication.php(141): CWebApplication->runController('mg/hoteldata/se...')
#5 /Users/davidwong/Development/htdocs/framework/base/CApplication.php(185): CWebApplication->processRequest()
#6 /Users/davidwong/Development/htdocs/klikmg/index.php(13): CApplication->run()
#7 {main}
REQUEST_URI=/klikmg/index.php?r=mg/hoteldata/searchhotel&destCountry=WSASID&city=WSASIDDPS&hotelCode=WSASIDDPS000011&rommCatCode=&checkIn=2018-06-08&checkOut=2018-06-09
---
2018/06/08 10:47:46 [error] [exception.CHttpException.400] CHttpException: Your request is invalid. in /Users/davidwong/Development/htdocs/framework/web/CController.php:337
Stack trace:
#0 /Users/davidwong/Development/htdocs/framework/web/CController.php(309): CController->invalidActionParams(Object(CInlineAction))
#1 /Users/davidwong/Development/htdocs/framework/web/CController.php(286): CController->runAction(Object(CInlineAction))
#2 /Users/davidwong/Development/htdocs/framework/web/CController.php(265): CController->runActionWithFilters(Object(CInlineAction), Array)
#3 /Users/davidwong/Development/htdocs/framework/web/CWebApplication.php(282): CController->run('searchhotel')
#4 /Users/davidwong/Development/htdocs/framework/web/CWebApplication.php(141): CWebApplication->runController('mg/hoteldata/se...')
#5 /Users/davidwong/Development/htdocs/framework/base/CApplication.php(185): CWebApplication->processRequest()
#6 /Users/davidwong/Development/htdocs/klikmg/index.php(13): CApplication->run()
#7 {main}
REQUEST_URI=/klikmg/index.php?r=mg/hoteldata/searchhotel&destCountry=WSASID&city=WSASIDDPS&hotelCode=WSASIDDPS000011&rommCatCode=&checkIn=2018-06-08&checkOut=2018-06-09
---
2018/06/08 11:17:39 [error] [exception.CHttpException.404] CHttpException: The system is unable to find the requested action "CancelPolicy". in /Users/davidwong/Development/htdocs/framework/web/CController.php:486
Stack trace:
#0 /Users/davidwong/Development/htdocs/framework/web/CController.php(270): CController->missingAction('CancelPolicy')
#1 /Users/davidwong/Development/htdocs/framework/web/CWebApplication.php(282): CController->run('CancelPolicy')
#2 /Users/davidwong/Development/htdocs/framework/web/CWebApplication.php(141): CWebApplication->runController('mg/hoteldata/Ca...')
#3 /Users/davidwong/Development/htdocs/framework/base/CApplication.php(185): CWebApplication->processRequest()
#4 /Users/davidwong/Development/htdocs/klikmg/index.php(13): CApplication->run()
#5 {main}
REQUEST_URI=/klikmg/index.php?r=mg/hoteldata/CancelPolicy
---
2018/06/08 11:17:53 [error] [exception.CHttpException.400] CHttpException: Your request is invalid. in /Users/davidwong/Development/htdocs/framework/web/CController.php:337
Stack trace:
#0 /Users/davidwong/Development/htdocs/framework/web/CController.php(309): CController->invalidActionParams(Object(CInlineAction))
#1 /Users/davidwong/Development/htdocs/framework/web/CController.php(286): CController->runAction(Object(CInlineAction))
#2 /Users/davidwong/Development/htdocs/framework/web/CController.php(265): CController->runActionWithFilters(Object(CInlineAction), Array)
#3 /Users/davidwong/Development/htdocs/framework/web/CWebApplication.php(282): CController->run('ViewCancelPolic...')
#4 /Users/davidwong/Development/htdocs/framework/web/CWebApplication.php(141): CWebApplication->runController('mg/hoteldata/Vi...')
#5 /Users/davidwong/Development/htdocs/framework/base/CApplication.php(185): CWebApplication->processRequest()
#6 /Users/davidwong/Development/htdocs/klikmg/index.php(13): CApplication->run()
#7 {main}
REQUEST_URI=/klikmg/index.php?r=mg/hoteldata/ViewCancelPolicy
---
2018/06/08 11:30:10 [error] [exception.CHttpException.400] CHttpException: Your request is invalid. in /Users/davidwong/Development/htdocs/framework/web/CController.php:337
Stack trace:
#0 /Users/davidwong/Development/htdocs/framework/web/CController.php(309): CController->invalidActionParams(Object(CInlineAction))
#1 /Users/davidwong/Development/htdocs/framework/web/CController.php(286): CController->runAction(Object(CInlineAction))
#2 /Users/davidwong/Development/htdocs/framework/web/CController.php(265): CController->runActionWithFilters(Object(CInlineAction), Array)
#3 /Users/davidwong/Development/htdocs/framework/web/CWebApplication.php(282): CController->run('ViewCancelPolic...')
#4 /Users/davidwong/Development/htdocs/framework/web/CWebApplication.php(141): CWebApplication->runController('mg/hoteldata/Vi...')
#5 /Users/davidwong/Development/htdocs/framework/base/CApplication.php(185): CWebApplication->processRequest()
#6 /Users/davidwong/Development/htdocs/klikmg/index.php(13): CApplication->run()
#7 {main}
REQUEST_URI=/klikmg/index.php?r=mg/hoteldata/ViewCancelPolicy&hotelCode=WSASTHBKK000160&checkIn=2018-06-08&checkOut=2018-06-09&AdultNum=1&RoomType=Single&flagAvail=True&SeqNo=1
---
2018/06/08 11:30:15 [error] [exception.CHttpException.400] CHttpException: Your request is invalid. in /Users/davidwong/Development/htdocs/framework/web/CController.php:337
Stack trace:
#0 /Users/davidwong/Development/htdocs/framework/web/CController.php(309): CController->invalidActionParams(Object(CInlineAction))
#1 /Users/davidwong/Development/htdocs/framework/web/CController.php(286): CController->runAction(Object(CInlineAction))
#2 /Users/davidwong/Development/htdocs/framework/web/CController.php(265): CController->runActionWithFilters(Object(CInlineAction), Array)
#3 /Users/davidwong/Development/htdocs/framework/web/CWebApplication.php(282): CController->run('ViewCancelPolic...')
#4 /Users/davidwong/Development/htdocs/framework/web/CWebApplication.php(141): CWebApplication->runController('mg/hoteldata/Vi...')
#5 /Users/davidwong/Development/htdocs/framework/base/CApplication.php(185): CWebApplication->processRequest()
#6 /Users/davidwong/Development/htdocs/klikmg/index.php(13): CApplication->run()
#7 {main}
REQUEST_URI=/klikmg/index.php?r=mg/hoteldata/ViewCancelPolicy&hotelCode=WSASTHBKK000160&checkIn=2018-06-08&checkOut=2018-06-09&AdultNum=1&RoomType=Single&flagAvail=True&SeqNo=1
---
2018/06/08 11:31:17 [error] [exception.CHttpException.400] CHttpException: Your request is invalid. in /Users/davidwong/Development/htdocs/framework/web/CController.php:337
Stack trace:
#0 /Users/davidwong/Development/htdocs/framework/web/CController.php(309): CController->invalidActionParams(Object(CInlineAction))
#1 /Users/davidwong/Development/htdocs/framework/web/CController.php(286): CController->runAction(Object(CInlineAction))
#2 /Users/davidwong/Development/htdocs/framework/web/CController.php(265): CController->runActionWithFilters(Object(CInlineAction), Array)
#3 /Users/davidwong/Development/htdocs/framework/web/CWebApplication.php(282): CController->run('ViewCancelPolic...')
#4 /Users/davidwong/Development/htdocs/framework/web/CWebApplication.php(141): CWebApplication->runController('mg/hoteldata/Vi...')
#5 /Users/davidwong/Development/htdocs/framework/base/CApplication.php(185): CWebApplication->processRequest()
#6 /Users/davidwong/Development/htdocs/klikmg/index.php(13): CApplication->run()
#7 {main}
REQUEST_URI=/klikmg/index.php?r=mg/hoteldata/ViewCancelPolicy
---
2018/06/08 11:43:45 [error] [exception.CHttpException.400] CHttpException: Your request is invalid. in /Users/davidwong/Development/htdocs/framework/web/CController.php:337
Stack trace:
#0 /Users/davidwong/Development/htdocs/framework/web/CController.php(309): CController->invalidActionParams(Object(CInlineAction))
#1 /Users/davidwong/Development/htdocs/framework/web/CController.php(286): CController->runAction(Object(CInlineAction))
#2 /Users/davidwong/Development/htdocs/framework/web/CController.php(265): CController->runActionWithFilters(Object(CInlineAction), Array)
#3 /Users/davidwong/Development/htdocs/framework/web/CWebApplication.php(282): CController->run('ViewCancelPolic...')
#4 /Users/davidwong/Development/htdocs/framework/web/CWebApplication.php(141): CWebApplication->runController('mg/hoteldata/Vi...')
#5 /Users/davidwong/Development/htdocs/framework/base/CApplication.php(185): CWebApplication->processRequest()
#6 /Users/davidwong/Development/htdocs/klikmg/index.php(13): CApplication->run()
#7 {main}
REQUEST_URI=/klikmg/index.php?r=mg/hoteldata/ViewCancelPolicy&hotelCode=WSASTHBKK000160&InternalCode=CL005&checkIn=2018-06-08&checkOut=2018-06-09
---
2018/06/08 11:53:56 [error] [exception.CHttpException.400] CHttpException: Your request is invalid. in /Users/davidwong/Development/htdocs/framework/web/CController.php:337
Stack trace:
#0 /Users/davidwong/Development/htdocs/framework/web/CController.php(309): CController->invalidActionParams(Object(CInlineAction))
#1 /Users/davidwong/Development/htdocs/framework/web/CController.php(286): CController->runAction(Object(CInlineAction))
#2 /Users/davidwong/Development/htdocs/framework/web/CController.php(265): CController->runActionWithFilters(Object(CInlineAction), Array)
#3 /Users/davidwong/Development/htdocs/framework/web/CWebApplication.php(282): CController->run('ViewCancelPolic...')
#4 /Users/davidwong/Development/htdocs/framework/web/CWebApplication.php(141): CWebApplication->runController('mg/hoteldata/Vi...')
#5 /Users/davidwong/Development/htdocs/framework/base/CApplication.php(185): CWebApplication->processRequest()
#6 /Users/davidwong/Development/htdocs/klikmg/index.php(13): CApplication->run()
#7 {main}
REQUEST_URI=/klikmg/index.php?r=mg/hoteldata/ViewCancelPolicy&hotelCode=WSASTHBKK000160&InternalCode=CL005&checkIn=2018-06-08&checkOut=2018-06-09&SeqNo=1&flagAvail=True
---
2018/06/08 13:07:34 [error] [exception.ParseError] ParseError: syntax error, unexpected 'version' (T_STRING) in /Users/davidwong/Development/htdocs/klikmg/protected/modules/mg/views/hoteldata/req_bookhotel.php:1
Stack trace:
#0 /Users/davidwong/Development/htdocs/framework/web/CBaseController.php(95): CBaseController->renderInternal('/Users/davidwon...', Array, true)
#1 /Users/davidwong/Development/htdocs/framework/web/CController.php(872): CBaseController->renderFile('/Users/davidwon...', Array, true)
#2 /Users/davidwong/Development/htdocs/klikmg/protected/modules/mg/controllers/HoteldataController.php(79): CController->renderPartial('req_bookhotel', Array, true)
#3 /Users/davidwong/Development/htdocs/framework/web/actions/CInlineAction.php(49): HoteldataController->actionBookHotel()
#4 /Users/davidwong/Development/htdocs/framework/web/CController.php(308): CInlineAction->runWithParams(Array)
#5 /Users/davidwong/Development/htdocs/framework/web/CController.php(286): CController->runAction(Object(CInlineAction))
#6 /Users/davidwong/Development/htdocs/framework/web/CController.php(265): CController->runActionWithFilters(Object(CInlineAction), Array)
#7 /Users/davidwong/Development/htdocs/framework/web/CWebApplication.php(282): CController->run('BookHotel')
#8 /Users/davidwong/Development/htdocs/framework/web/CWebApplication.php(141): CWebApplication->runController('mg/hoteldata/Bo...')
#9 /Users/davidwong/Development/htdocs/framework/base/CApplication.php(185): CWebApplication->processRequest()
#10 /Users/davidwong/Development/htdocs/klikmg/index.php(13): CApplication->run()
#11 {main}
REQUEST_URI=/klikmg/index.php?r=mg/hoteldata/BookHotel
---
2018/06/08 13:43:57 [error] [exception.CHttpException.400] CHttpException: Your request is invalid. in /Users/davidwong/Development/htdocs/framework/web/CController.php:337
Stack trace:
#0 /Users/davidwong/Development/htdocs/framework/web/CController.php(309): CController->invalidActionParams(Object(CInlineAction))
#1 /Users/davidwong/Development/htdocs/framework/web/CController.php(286): CController->runAction(Object(CInlineAction))
#2 /Users/davidwong/Development/htdocs/framework/web/CController.php(265): CController->runActionWithFilters(Object(CInlineAction), Array)
#3 /Users/davidwong/Development/htdocs/framework/web/CWebApplication.php(282): CController->run('searchhotel')
#4 /Users/davidwong/Development/htdocs/framework/web/CWebApplication.php(141): CWebApplication->runController('mg/hoteldata/se...')
#5 /Users/davidwong/Development/htdocs/framework/base/CApplication.php(185): CWebApplication->processRequest()
#6 /Users/davidwong/Development/htdocs/klikmg/index.php(13): CApplication->run()
#7 {main}
REQUEST_URI=/klikmg/index.php?r=mg/hoteldata/searchhotel&destCountry=WSASID&city=WSASIDDPS&hotelCode=WSASIDDPS000011&rommCatCode=&checkIn=2018-06-08&checkOut=2018-06-09
---
2018/06/08 13:44:14 [error] [exception.CHttpException.400] CHttpException: Your request is invalid. in /Users/davidwong/Development/htdocs/framework/web/CController.php:337
Stack trace:
#0 /Users/davidwong/Development/htdocs/framework/web/CController.php(309): CController->invalidActionParams(Object(CInlineAction))
#1 /Users/davidwong/Development/htdocs/framework/web/CController.php(286): CController->runAction(Object(CInlineAction))
#2 /Users/davidwong/Development/htdocs/framework/web/CController.php(265): CController->runActionWithFilters(Object(CInlineAction), Array)
#3 /Users/davidwong/Development/htdocs/framework/web/CWebApplication.php(282): CController->run('searchhotel')
#4 /Users/davidwong/Development/htdocs/framework/web/CWebApplication.php(141): CWebApplication->runController('mg/hoteldata/se...')
#5 /Users/davidwong/Development/htdocs/framework/base/CApplication.php(185): CWebApplication->processRequest()
#6 /Users/davidwong/Development/htdocs/klikmg/index.php(13): CApplication->run()
#7 {main}
REQUEST_URI=/klikmg/index.php?r=mg/hoteldata/searchhotel&destCountry=WSASID&city=WSASIDDPS&hotelCode=WSASIDDPS000011&rommCatCode=&checkIn=2018-06-08&checkOut=2018-06-09AdultNum=2&RoomType=Twin
---
2018/06/08 13:46:30 [error] [exception.CHttpException.400] CHttpException: Your request is invalid. in /Users/davidwong/Development/htdocs/framework/web/CController.php:337
Stack trace:
#0 /Users/davidwong/Development/htdocs/framework/web/CController.php(309): CController->invalidActionParams(Object(CInlineAction))
#1 /Users/davidwong/Development/htdocs/framework/web/CController.php(286): CController->runAction(Object(CInlineAction))
#2 /Users/davidwong/Development/htdocs/framework/web/CController.php(265): CController->runActionWithFilters(Object(CInlineAction), Array)
#3 /Users/davidwong/Development/htdocs/framework/web/CWebApplication.php(282): CController->run('searchhotel')
#4 /Users/davidwong/Development/htdocs/framework/web/CWebApplication.php(141): CWebApplication->runController('mg/hoteldata/se...')
#5 /Users/davidwong/Development/htdocs/framework/base/CApplication.php(185): CWebApplication->processRequest()
#6 /Users/davidwong/Development/htdocs/klikmg/index.php(13): CApplication->run()
#7 {main}
REQUEST_URI=/klikmg/index.php?r=mg/hoteldata/searchhotel&destCountry=WSASID&city=WSASIDDPS&hotelCode=WSASIDDPS000011&rommCatCode=&checkIn=2018-06-08&checkOut=2018-06-09
---
2018/06/13 06:34:34 [error] [php] Invalid argument supplied for foreach() (/Users/davidwong/Development/htdocs/klikmgnew/public_html/protected/commands/SavehotelCommand.php:52)
Stack trace:
#0 /Users/davidwong/Development/htdocs/framework/console/CConsoleCommandRunner.php(71): SavehotelCommand->run()
#1 /Users/davidwong/Development/htdocs/framework/console/CConsoleApplication.php(92): CConsoleCommandRunner->run()
#2 /Users/davidwong/Development/htdocs/framework/base/CApplication.php(185): CConsoleApplication->processRequest()
#3 /Users/davidwong/Development/htdocs/framework/yiic.php(33): CConsoleApplication->run()
#4 /Users/davidwong/Development/htdocs/klikmgnew/public_html/protected/yiic.php(8): require_once()
#5 /Users/davidwong/Development/htdocs/klikmgnew/public_html/protected/yiic(4): require_once()

2018/06/13 06:39:26 [error] [php] fopen(/Users/davidwong/Development/htdocs/klikmgnew/public_html/protected/../upload/property_photo/thumbs/contactsyii.csv): failed to open stream: No such file or directory (/Users/davidwong/Development/htdocs/klikmgnew/public_html/protected/commands/SavehotelCommand.php:51)
Stack trace:
#0 /Users/davidwong/Development/htdocs/framework/console/CConsoleCommand.php(172): ReflectionMethod->invokeArgs()
#1 /Users/davidwong/Development/htdocs/framework/console/CConsoleCommandRunner.php(71): SavehotelCommand->run()
#2 /Users/davidwong/Development/htdocs/framework/console/CConsoleApplication.php(92): CConsoleCommandRunner->run()
#3 /Users/davidwong/Development/htdocs/framework/base/CApplication.php(185): CConsoleApplication->processRequest()
#4 /Users/davidwong/Development/htdocs/framework/yiic.php(33): CConsoleApplication->run()
#5 /Users/davidwong/Development/htdocs/klikmgnew/public_html/protected/yiic.php(8): require_once()
#6 /Users/davidwong/Development/htdocs/klikmgnew/public_html/protected/yiic(4): require_once()

2018/06/13 06:40:29 [error] [php] Invalid argument supplied for foreach() (/Users/davidwong/Development/htdocs/klikmgnew/public_html/protected/commands/SavehotelCommand.php:52)
Stack trace:
#0 /Users/davidwong/Development/htdocs/framework/console/CConsoleCommandRunner.php(71): SavehotelCommand->run()
#1 /Users/davidwong/Development/htdocs/framework/console/CConsoleApplication.php(92): CConsoleCommandRunner->run()
#2 /Users/davidwong/Development/htdocs/framework/base/CApplication.php(185): CConsoleApplication->processRequest()
#3 /Users/davidwong/Development/htdocs/framework/yiic.php(33): CConsoleApplication->run()
#4 /Users/davidwong/Development/htdocs/klikmgnew/public_html/protected/yiic.php(8): require_once()
#5 /Users/davidwong/Development/htdocs/klikmgnew/public_html/protected/yiic(4): require_once()

2018/06/13 07:34:28 [error] [php] Use of undefined constant LOCATION_TYPE_HOTEL - assumed 'LOCATION_TYPE_HOTEL' (this will throw an Error in a future version of PHP) (/Users/davidwong/Development/htdocs/klikmgnew/public_html/protected/commands/SavehotelCommand.php:74)
Stack trace:
#0 /Users/davidwong/Development/htdocs/framework/console/CConsoleCommandRunner.php(71): SavehotelCommand->run()
#1 /Users/davidwong/Development/htdocs/framework/console/CConsoleApplication.php(92): CConsoleCommandRunner->run()
#2 /Users/davidwong/Development/htdocs/framework/base/CApplication.php(185): CConsoleApplication->processRequest()
#3 /Users/davidwong/Development/htdocs/framework/yiic.php(33): CConsoleApplication->run()
#4 /Users/davidwong/Development/htdocs/klikmgnew/public_html/protected/yiic.php(8): require_once()
#5 /Users/davidwong/Development/htdocs/klikmgnew/public_html/protected/yiic(4): require_once()

2018/06/13 07:34:50 [error] [system.db.CDbCommand] CDbCommand::execute() failed: SQLSTATE[42S22]: Column not found: 1054 Unknown column 'property_cd' in 'field list'. The SQL statement executed was: LOAD DATA LOCAL INFILE '/Users/davidwong/Development/htdocs/klikmgnew/public_html/protected/../upload/syncdatamg/contactsyii.csv' INTO TABLE `tghsearchlocation` FIELDS TERMINATED BY ',' OPTIONALLY ENCLOSED BY '"' LINES TERMINATED BY '
' IGNORE 1 LINES (`property_cd` , `property_name` , `market_name`).
2018/06/13 07:35:57 [error] [php] Use of undefined constant LOCATION_TYPE_HOTEL - assumed 'LOCATION_TYPE_HOTEL' (this will throw an Error in a future version of PHP) (/Users/davidwong/Development/htdocs/klikmgnew/public_html/protected/commands/SavehotelCommand.php:74)
Stack trace:
#0 /Users/davidwong/Development/htdocs/framework/console/CConsoleCommandRunner.php(71): SavehotelCommand->run()
#1 /Users/davidwong/Development/htdocs/framework/console/CConsoleApplication.php(92): CConsoleCommandRunner->run()
#2 /Users/davidwong/Development/htdocs/framework/base/CApplication.php(185): CConsoleApplication->processRequest()
#3 /Users/davidwong/Development/htdocs/framework/yiic.php(33): CConsoleApplication->run()
#4 /Users/davidwong/Development/htdocs/klikmgnew/public_html/protected/yiic.php(8): require_once()
#5 /Users/davidwong/Development/htdocs/klikmgnew/public_html/protected/yiic(4): require_once()

2018/06/13 07:36:52 [error] [php] include(Searchlocation.php): failed to open stream: No such file or directory (/Users/davidwong/Development/htdocs/framework/YiiBase.php:432)
Stack trace:
#0 /Users/davidwong/Development/htdocs/klikmgnew/public_html/protected/commands/SavehotelCommand.php(74): spl_autoload_call()
#1 unknown(0): SavehotelCommand->actionLoadhoteldata()
#2 /Users/davidwong/Development/htdocs/framework/console/CConsoleCommand.php(172): ReflectionMethod->invokeArgs()
#3 /Users/davidwong/Development/htdocs/framework/console/CConsoleCommandRunner.php(71): SavehotelCommand->run()
#4 /Users/davidwong/Development/htdocs/framework/console/CConsoleApplication.php(92): CConsoleCommandRunner->run()
#5 /Users/davidwong/Development/htdocs/framework/base/CApplication.php(185): CConsoleApplication->processRequest()
#6 /Users/davidwong/Development/htdocs/framework/yiic.php(33): CConsoleApplication->run()
#7 /Users/davidwong/Development/htdocs/klikmgnew/public_html/protected/yiic.php(8): require_once()
#8 /Users/davidwong/Development/htdocs/klikmgnew/public_html/protected/yiic(4): require_once()

2018/06/13 07:39:56 [error] [php] include(Searchlocation.php): failed to open stream: No such file or directory (/Users/davidwong/Development/htdocs/framework/YiiBase.php:432)
Stack trace:
#0 /Users/davidwong/Development/htdocs/klikmgnew/public_html/protected/commands/SavehotelCommand.php(74): spl_autoload_call()
#1 unknown(0): SavehotelCommand->actionLoadhoteldata()
#2 /Users/davidwong/Development/htdocs/framework/console/CConsoleCommand.php(172): ReflectionMethod->invokeArgs()
#3 /Users/davidwong/Development/htdocs/framework/console/CConsoleCommandRunner.php(71): SavehotelCommand->run()
#4 /Users/davidwong/Development/htdocs/framework/console/CConsoleApplication.php(92): CConsoleCommandRunner->run()
#5 /Users/davidwong/Development/htdocs/framework/base/CApplication.php(185): CConsoleApplication->processRequest()
#6 /Users/davidwong/Development/htdocs/framework/yiic.php(33): CConsoleApplication->run()
#7 /Users/davidwong/Development/htdocs/klikmgnew/public_html/protected/yiic.php(8): require_once()
#8 /Users/davidwong/Development/htdocs/klikmgnew/public_html/protected/yiic(4): require_once()

2018/06/13 07:53:58 [error] [system.db.CDbCommand] CDbCommand::execute() failed: SQLSTATE[HY000]: General error: 1267 Illegal mix of collations (utf8_unicode_ci,IMPLICIT) and (utf8_general_ci,IMPLICIT) for operation '='. The SQL statement executed was: UPDATE tghsearchlocation
            JOIN tghproperty ON tghsearchlocation.location_code = tghproperty.property_cd AND tghsearchlocation.location_type = :lty
            SET tghsearchlocation.location_name = tghproperty.property_name
            , tghsearchlocation.market_name = tghproperty.market_name
            , tghsearchlocation.update_dt = :udt;.
2018/06/13 07:55:05 [error] [system.db.CDbCommand] CDbCommand::execute() failed: SQLSTATE[HY000]: General error: 1267 Illegal mix of collations (utf8_unicode_ci,IMPLICIT) and (utf8_general_ci,IMPLICIT) for operation '='. The SQL statement executed was: UPDATE tghsearchlocation
            JOIN tghproperty ON tghsearchlocation.location_code = tghproperty.property_cd AND tghsearchlocation.location_type = :lty
            SET tghsearchlocation.location_name = tghproperty.property_name
            , tghsearchlocation.market_name = tghproperty.market_name
            , tghsearchlocation.update_dt = :udt;.
2018/06/13 07:56:01 [error] [system.db.CDbCommand] CDbCommand::execute() failed: SQLSTATE[23000]: Integrity constraint violation: 1062 Duplicate entry '2-WSASTHBKK000160' for key 'PRIMARY'. The SQL statement executed was: INSERT INTO tghsearchlocation (location_type, location_code, location_name, market_name, update_dt)
                SELECT :lty, tghproperty.property_cd, tghproperty.property_name, tghproperty.market_name, :udt
                FROM tghproperty
                LEFT JOIN tghsearchlocation ON tghproperty.property_cd = tghsearchlocation.location_code AND tghsearchlocation.location_type = :lty
                WHERE tghsearchlocation.location_code IS NULL.
2018/06/13 08:39:58 [error] [system.db.CDbCommand] CDbCommand::execute() failed: SQLSTATE[42S22]: Column not found: 1054 Unknown column 'tghuploadhotel.gmaps_longitude' in 'field list'. The SQL statement executed was: INSERT INTO tghproperty (location_type, location_code, location_name, market_name,gmaps_longitude,gmaps_latitude,numberofstar, update_dt)
                SELECT tghuploadhotel.property_cd, tghuploadhotel.property_name, tghuploadhotel.market_name,tghuploadhotel.gmaps_longitude,tghuploadhotel.gmaps_latitude,tghuploadhotel.rating, :udt
                FROM tghuploadhotel
                LEFT JOIN tghproperty ON tghproperty.property_cd = tghuploadhotel.property_cd
                WHERE tghuploadhotel.property_cd IS NULL.
2018/06/13 08:40:32 [error] [system.db.CDbCommand] CDbCommand::execute() failed: SQLSTATE[21S01]: Insert value list does not match column list: 1136 Column count doesn't match value count at row 1. The SQL statement executed was: INSERT INTO tghproperty (location_type, location_code, location_name, market_name,gmaps_longitude,gmaps_latitude,numberofstar, update_dt)
                SELECT tghuploadhotel.property_cd, tghuploadhotel.property_name, tghuploadhotel.market_name,tghuploadhotel.longitude,tghuploadhotel.latitude,tghuploadhotel.rating, :udt
                FROM tghuploadhotel
                LEFT JOIN tghproperty ON tghproperty.property_cd = tghuploadhotel.property_cd
                WHERE tghuploadhotel.property_cd IS NULL.
2018/06/13 08:41:19 [error] [system.db.CDbCommand] CDbCommand::execute() failed: SQLSTATE[HY000]: General error: 1364 Field 'property_type_id' doesn't have a default value. The SQL statement executed was: INSERT INTO tghproperty (property_cd, property_name, market_name,gmaps_longitude,gmaps_latitude,numberofstar, update_dt)
                SELECT tghuploadhotel.property_cd, tghuploadhotel.property_name, tghuploadhotel.market_name,tghuploadhotel.longitude,tghuploadhotel.latitude,tghuploadhotel.rating, :udt
                FROM tghuploadhotel
                LEFT JOIN tghproperty ON tghproperty.property_cd = tghuploadhotel.property_cd
                WHERE tghuploadhotel.property_cd IS NULL.
2018/06/13 08:42:12 [error] [system.db.CDbCommand] CDbCommand::execute() failed: SQLSTATE[HY000]: General error: 1364 Field 'property_type_id' doesn't have a default value. The SQL statement executed was: INSERT INTO tghproperty (property_cd, property_name, market_name,gmaps_longitude,gmaps_latitude,numberofstar, update_dt)
                SELECT tghuploadhotel.property_cd, tghuploadhotel.property_name, tghuploadhotel.market_name,tghuploadhotel.longitude,tghuploadhotel.latitude,tghuploadhotel.rating, :udt
                FROM tghuploadhotel
                LEFT JOIN tghproperty ON tghproperty.property_cd = tghuploadhotel.property_cd
                WHERE tghuploadhotel.property_cd IS NULL.
2018/06/13 08:44:12 [error] [system.db.CDbCommand] CDbCommand::execute() failed: SQLSTATE[HY000]: General error: 1364 Field 'property_type_id' doesn't have a default value. The SQL statement executed was: INSERT INTO tghproperty (property_cd, property_name, market_name,gmaps_longitude,gmaps_latitude,numberofstar, update_dt)
                SELECT tghuploadhotel.property_cd, tghuploadhotel.property_name, tghuploadhotel.market_name,tghuploadhotel.longitude,tghuploadhotel.latitude,tghuploadhotel.rating, :udt
                FROM tghuploadhotel
                LEFT JOIN tghproperty ON tghproperty.property_cd = tghuploadhotel.property_cd
                WHERE tghuploadhotel.property_cd IS NULL.
2018/06/13 08:47:54 [error] [system.db.CDbCommand] CDbCommand::execute() failed: SQLSTATE[HY000]: General error: 1364 Field 'property_type_id' doesn't have a default value. The SQL statement executed was: INSERT INTO tghproperty (property_cd, property_name, market_name,gmaps_longitude,gmaps_latitude,numberofstar, update_dt)
                SELECT tghuploadhotel.property_cd, tghuploadhotel.property_name, tghuploadhotel.market_name,tghuploadhotel.longitude,tghuploadhotel.latitude,tghuploadhotel.rating, :udt
                FROM tghuploadhotel
                LEFT JOIN tghproperty ON tghuploadhotel.property_cd = tghproperty.property_cd
                WHERE tghproperty.property_cd IS NULL.
2018/06/13 08:53:23 [error] [system.db.CDbCommand] CDbCommand::execute() failed: SQLSTATE[HY000]: General error: 1364 Field 'property_type_id' doesn't have a default value. The SQL statement executed was: INSERT INTO tghproperty (property_cd, property_name, market_name,gmaps_longitude,gmaps_latitude,numberofstar, update_dt)
                SELECT tghuploadhotel.property_cd, tghuploadhotel.property_name, tghuploadhotel.market_name,tghuploadhotel.longitude,tghuploadhotel.latitude,tghuploadhotel.rating, :udt
                FROM tghuploadhotel
                .
2018/06/13 08:59:03 [error] [php] Undefined variable: location_type (/Users/davidwong/Development/htdocs/klikmgnew/public_html/protected/commands/SavehotelCommand.php:96)
Stack trace:
#0 /Users/davidwong/Development/htdocs/framework/console/CConsoleCommandRunner.php(71): SavehotelCommand->run()
#1 /Users/davidwong/Development/htdocs/framework/console/CConsoleApplication.php(92): CConsoleCommandRunner->run()
#2 /Users/davidwong/Development/htdocs/framework/base/CApplication.php(185): CConsoleApplication->processRequest()
#3 /Users/davidwong/Development/htdocs/framework/yiic.php(33): CConsoleApplication->run()
#4 /Users/davidwong/Development/htdocs/klikmgnew/public_html/protected/yiic.php(8): require_once()
#5 /Users/davidwong/Development/htdocs/klikmgnew/public_html/protected/yiic(4): require_once()

2018/06/13 08:59:54 [error] [php] Undefined variable: location_type (/Users/davidwong/Development/htdocs/klikmgnew/public_html/protected/commands/SavehotelCommand.php:96)
Stack trace:
#0 /Users/davidwong/Development/htdocs/framework/console/CConsoleCommandRunner.php(71): SavehotelCommand->run()
#1 /Users/davidwong/Development/htdocs/framework/console/CConsoleApplication.php(92): CConsoleCommandRunner->run()
#2 /Users/davidwong/Development/htdocs/framework/base/CApplication.php(185): CConsoleApplication->processRequest()
#3 /Users/davidwong/Development/htdocs/framework/yiic.php(33): CConsoleApplication->run()
#4 /Users/davidwong/Development/htdocs/klikmgnew/public_html/protected/yiic.php(8): require_once()
#5 /Users/davidwong/Development/htdocs/klikmgnew/public_html/protected/yiic(4): require_once()

2018/06/13 09:01:33 [error] [php] Undefined variable: location_type (/Users/davidwong/Development/htdocs/klikmgnew/public_html/protected/commands/SavehotelCommand.php:96)
Stack trace:
#0 /Users/davidwong/Development/htdocs/framework/console/CConsoleCommandRunner.php(71): SavehotelCommand->run()
#1 /Users/davidwong/Development/htdocs/framework/console/CConsoleApplication.php(92): CConsoleCommandRunner->run()
#2 /Users/davidwong/Development/htdocs/framework/base/CApplication.php(185): CConsoleApplication->processRequest()
#3 /Users/davidwong/Development/htdocs/framework/yiic.php(33): CConsoleApplication->run()
#4 /Users/davidwong/Development/htdocs/klikmgnew/public_html/protected/yiic.php(8): require_once()
#5 /Users/davidwong/Development/htdocs/klikmgnew/public_html/protected/yiic(4): require_once()

2018/06/18 03:03:46 [error] [exception.ParseError] ParseError: syntax error, unexpected '*', expecting function (T_FUNCTION) or const (T_CONST) in /Users/davidwong/Development/htdocs/klikmgnew/public_html/protected/commands/GethoteldetailCommand.php:119
Stack trace:
#0 /Users/davidwong/Development/htdocs/framework/console/CConsoleCommandRunner.php(67): CConsoleCommandRunner->createCommand('gethoteldetail')
#1 /Users/davidwong/Development/htdocs/framework/console/CConsoleApplication.php(92): CConsoleCommandRunner->run(Array)
#2 /Users/davidwong/Development/htdocs/framework/base/CApplication.php(185): CConsoleApplication->processRequest()
#3 /Users/davidwong/Development/htdocs/framework/yiic.php(33): CApplication->run()
#4 /Users/davidwong/Development/htdocs/klikmgnew/public_html/protected/yiic.php(8): require_once('/Users/davidwon...')
#5 /Users/davidwong/Development/htdocs/klikmgnew/public_html/protected/yiic(4): require_once('/Users/davidwon...')
#6 {main}
---
2018/06/18 03:17:03 [error] [php] require(/Users/davidwong/Development/htdocs/klikmgnew/public_html/protected/views/commands/req_gethoteldetail.php): failed to open stream: No such file or directory (/Users/davidwong/Development/htdocs/framework/web/CBaseController.php:126)
Stack trace:
#0 unknown(0): GethoteldetailCommand->actionSavehoteldata()
#1 /Users/davidwong/Development/htdocs/framework/console/CConsoleCommand.php(172): ReflectionMethod->invokeArgs()
#2 /Users/davidwong/Development/htdocs/framework/console/CConsoleCommandRunner.php(71): GethoteldetailCommand->run()
#3 /Users/davidwong/Development/htdocs/framework/console/CConsoleApplication.php(92): CConsoleCommandRunner->run()
#4 /Users/davidwong/Development/htdocs/framework/base/CApplication.php(185): CConsoleApplication->processRequest()
#5 /Users/davidwong/Development/htdocs/framework/yiic.php(33): CConsoleApplication->run()
#6 /Users/davidwong/Development/htdocs/klikmgnew/public_html/protected/yiic.php(8): require_once()
#7 /Users/davidwong/Development/htdocs/klikmgnew/public_html/protected/yiic(4): require_once()

2018/06/18 03:18:54 [error] [exception.CException] CException: CConsoleApplication and its behaviors do not have a method or closure named "getViewRenderer". in /Users/davidwong/Development/htdocs/framework/base/CComponent.php:266
Stack trace:
#0 /Users/davidwong/Development/htdocs/framework/web/CBaseController.php(92): CComponent->__call('getViewRenderer', Array)
#1 /Users/davidwong/Development/htdocs/framework/web/CController.php(872): CBaseController->renderFile(NULL, NULL, true)
#2 /Users/davidwong/Development/htdocs/klikmgnew/public_html/protected/views/commands/req_gethoteldetail.php(2): CController->renderPartial('/layouts/req_ag...')
#3 /Users/davidwong/Development/htdocs/framework/web/CBaseController.php(126): require('/Users/davidwon...')
#4 /Users/davidwong/Development/htdocs/klikmgnew/public_html/protected/commands/GethoteldetailCommand.php(31): CBaseController->renderInternal('/Users/davidwon...', Array, true)
#5 [internal function]: GethoteldetailCommand->actionSavehoteldata()
#6 /Users/davidwong/Development/htdocs/framework/console/CConsoleCommand.php(172): ReflectionMethod->invokeArgs(Object(GethoteldetailCommand), Array)
#7 /Users/davidwong/Development/htdocs/framework/console/CConsoleCommandRunner.php(71): CConsoleCommand->run(Array)
#8 /Users/davidwong/Development/htdocs/framework/console/CConsoleApplication.php(92): CConsoleCommandRunner->run(Array)
#9 /Users/davidwong/Development/htdocs/framework/base/CApplication.php(185): CConsoleApplication->processRequest()
#10 /Users/davidwong/Development/htdocs/framework/yiic.php(33): CApplication->run()
#11 /Users/davidwong/Development/htdocs/klikmgnew/public_html/protected/yiic.php(8): require_once('/Users/davidwon...')
#12 /Users/davidwong/Development/htdocs/klikmgnew/public_html/protected/yiic(4): require_once('/Users/davidwon...')
#13 {main}
---
2018/06/18 03:19:00 [error] [exception.CException] CException: CConsoleApplication and its behaviors do not have a method or closure named "getViewRenderer". in /Users/davidwong/Development/htdocs/framework/base/CComponent.php:266
Stack trace:
#0 /Users/davidwong/Development/htdocs/framework/web/CBaseController.php(92): CComponent->__call('getViewRenderer', Array)
#1 /Users/davidwong/Development/htdocs/framework/web/CController.php(872): CBaseController->renderFile(NULL, NULL, true)
#2 /Users/davidwong/Development/htdocs/klikmgnew/public_html/protected/views/commands/req_gethoteldetail.php(2): CController->renderPartial('/layouts/req_ag...')
#3 /Users/davidwong/Development/htdocs/framework/web/CBaseController.php(126): require('/Users/davidwon...')
#4 /Users/davidwong/Development/htdocs/klikmgnew/public_html/protected/commands/GethoteldetailCommand.php(31): CBaseController->renderInternal('/Users/davidwon...', Array, true)
#5 [internal function]: GethoteldetailCommand->actionSavehoteldata()
#6 /Users/davidwong/Development/htdocs/framework/console/CConsoleCommand.php(172): ReflectionMethod->invokeArgs(Object(GethoteldetailCommand), Array)
#7 /Users/davidwong/Development/htdocs/framework/console/CConsoleCommandRunner.php(71): CConsoleCommand->run(Array)
#8 /Users/davidwong/Development/htdocs/framework/console/CConsoleApplication.php(92): CConsoleCommandRunner->run(Array)
#9 /Users/davidwong/Development/htdocs/framework/base/CApplication.php(185): CConsoleApplication->processRequest()
#10 /Users/davidwong/Development/htdocs/framework/yiic.php(33): CApplication->run()
#11 /Users/davidwong/Development/htdocs/klikmgnew/public_html/protected/yiic.php(8): require_once('/Users/davidwon...')
#12 /Users/davidwong/Development/htdocs/klikmgnew/public_html/protected/yiic(4): require_once('/Users/davidwon...')
#13 {main}
---
2018/06/18 03:19:59 [error] [php] require(/layouts/req_agentlogin): failed to open stream: No such file or directory (/Users/davidwong/Development/htdocs/framework/web/CBaseController.php:130)
Stack trace:
#0 /Users/davidwong/Development/htdocs/framework/web/CBaseController.php(126): require()
#1 /Users/davidwong/Development/htdocs/klikmgnew/public_html/protected/commands/GethoteldetailCommand.php(31): CommController->renderInternal()
#2 unknown(0): GethoteldetailCommand->actionSavehoteldata()
#3 /Users/davidwong/Development/htdocs/framework/console/CConsoleCommand.php(172): ReflectionMethod->invokeArgs()
#4 /Users/davidwong/Development/htdocs/framework/console/CConsoleCommandRunner.php(71): GethoteldetailCommand->run()
#5 /Users/davidwong/Development/htdocs/framework/console/CConsoleApplication.php(92): CConsoleCommandRunner->run()
#6 /Users/davidwong/Development/htdocs/framework/base/CApplication.php(185): CConsoleApplication->processRequest()
#7 /Users/davidwong/Development/htdocs/framework/yiic.php(33): CConsoleApplication->run()
#8 /Users/davidwong/Development/htdocs/klikmgnew/public_html/protected/yiic.php(8): require_once()
#9 /Users/davidwong/Development/htdocs/klikmgnew/public_html/protected/yiic(4): require_once()

2018/06/18 03:20:20 [error] [php] Undefined index: SearchHotel_Response (/Users/davidwong/Development/htdocs/klikmgnew/public_html/protected/commands/GethoteldetailCommand.php:34)
Stack trace:
#0 /Users/davidwong/Development/htdocs/framework/console/CConsoleCommandRunner.php(71): GethoteldetailCommand->run()
#1 /Users/davidwong/Development/htdocs/framework/console/CConsoleApplication.php(92): CConsoleCommandRunner->run()
#2 /Users/davidwong/Development/htdocs/framework/base/CApplication.php(185): CConsoleApplication->processRequest()
#3 /Users/davidwong/Development/htdocs/framework/yiic.php(33): CConsoleApplication->run()
#4 /Users/davidwong/Development/htdocs/klikmgnew/public_html/protected/yiic.php(8): require_once()
#5 /Users/davidwong/Development/htdocs/klikmgnew/public_html/protected/yiic(4): require_once()

2018/06/18 03:32:07 [error] [php] Invalid argument supplied for foreach() (/Users/davidwong/Development/htdocs/klikmgnew/public_html/protected/commands/GethoteldetailCommand.php:51)
Stack trace:
#0 /Users/davidwong/Development/htdocs/framework/console/CConsoleCommandRunner.php(71): GethoteldetailCommand->run()
#1 /Users/davidwong/Development/htdocs/framework/console/CConsoleApplication.php(92): CConsoleCommandRunner->run()
#2 /Users/davidwong/Development/htdocs/framework/base/CApplication.php(185): CConsoleApplication->processRequest()
#3 /Users/davidwong/Development/htdocs/framework/yiic.php(33): CConsoleApplication->run()
#4 /Users/davidwong/Development/htdocs/klikmgnew/public_html/protected/yiic.php(8): require_once()
#5 /Users/davidwong/Development/htdocs/klikmgnew/public_html/protected/yiic(4): require_once()

2018/06/18 03:45:40 [error] [php] Invalid argument supplied for foreach() (/Users/davidwong/Development/htdocs/klikmgnew/public_html/protected/commands/GethoteldetailCommand.php:51)
Stack trace:
#0 /Users/davidwong/Development/htdocs/framework/console/CConsoleCommandRunner.php(71): GethoteldetailCommand->run()
#1 /Users/davidwong/Development/htdocs/framework/console/CConsoleApplication.php(92): CConsoleCommandRunner->run()
#2 /Users/davidwong/Development/htdocs/framework/base/CApplication.php(185): CConsoleApplication->processRequest()
#3 /Users/davidwong/Development/htdocs/framework/yiic.php(33): CConsoleApplication->run()
#4 /Users/davidwong/Development/htdocs/klikmgnew/public_html/protected/yiic.php(8): require_once()
#5 /Users/davidwong/Development/htdocs/klikmgnew/public_html/protected/yiic(4): require_once()

2018/06/18 03:47:55 [error] [php] Invalid argument supplied for foreach() (/Users/davidwong/Development/htdocs/klikmgnew/public_html/protected/commands/GethoteldetailCommand.php:51)
Stack trace:
#0 /Users/davidwong/Development/htdocs/framework/console/CConsoleCommandRunner.php(71): GethoteldetailCommand->run()
#1 /Users/davidwong/Development/htdocs/framework/console/CConsoleApplication.php(92): CConsoleCommandRunner->run()
#2 /Users/davidwong/Development/htdocs/framework/base/CApplication.php(185): CConsoleApplication->processRequest()
#3 /Users/davidwong/Development/htdocs/framework/yiic.php(33): CConsoleApplication->run()
#4 /Users/davidwong/Development/htdocs/klikmgnew/public_html/protected/yiic.php(8): require_once()
#5 /Users/davidwong/Development/htdocs/klikmgnew/public_html/protected/yiic(4): require_once()

2018/06/18 03:48:24 [error] [php] Invalid argument supplied for foreach() (/Users/davidwong/Development/htdocs/klikmgnew/public_html/protected/commands/GethoteldetailCommand.php:51)
Stack trace:
#0 /Users/davidwong/Development/htdocs/framework/console/CConsoleCommandRunner.php(71): GethoteldetailCommand->run()
#1 /Users/davidwong/Development/htdocs/framework/console/CConsoleApplication.php(92): CConsoleCommandRunner->run()
#2 /Users/davidwong/Development/htdocs/framework/base/CApplication.php(185): CConsoleApplication->processRequest()
#3 /Users/davidwong/Development/htdocs/framework/yiic.php(33): CConsoleApplication->run()
#4 /Users/davidwong/Development/htdocs/klikmgnew/public_html/protected/yiic.php(8): require_once()
#5 /Users/davidwong/Development/htdocs/klikmgnew/public_html/protected/yiic(4): require_once()

2018/06/18 03:54:10 [error] [php] Invalid argument supplied for foreach() (/Users/davidwong/Development/htdocs/klikmgnew/public_html/protected/commands/GethoteldetailCommand.php:51)
Stack trace:
#0 /Users/davidwong/Development/htdocs/framework/console/CConsoleCommandRunner.php(71): GethoteldetailCommand->run()
#1 /Users/davidwong/Development/htdocs/framework/console/CConsoleApplication.php(92): CConsoleCommandRunner->run()
#2 /Users/davidwong/Development/htdocs/framework/base/CApplication.php(185): CConsoleApplication->processRequest()
#3 /Users/davidwong/Development/htdocs/framework/yiic.php(33): CConsoleApplication->run()
#4 /Users/davidwong/Development/htdocs/klikmgnew/public_html/protected/yiic.php(8): require_once()
#5 /Users/davidwong/Development/htdocs/klikmgnew/public_html/protected/yiic(4): require_once()

2018/06/18 03:58:18 [error] [php] Array to string conversion (/Users/davidwong/Development/htdocs/klikmgnew/public_html/protected/commands/SavehotelCommand.php:43)
Stack trace:
#0 /Users/davidwong/Development/htdocs/framework/console/CConsoleCommandRunner.php(71): SavehotelCommand->run()
#1 /Users/davidwong/Development/htdocs/framework/console/CConsoleApplication.php(92): CConsoleCommandRunner->run()
#2 /Users/davidwong/Development/htdocs/framework/base/CApplication.php(185): CConsoleApplication->processRequest()
#3 /Users/davidwong/Development/htdocs/framework/yiic.php(33): CConsoleApplication->run()
#4 /Users/davidwong/Development/htdocs/klikmgnew/public_html/protected/yiic.php(8): require_once()
#5 /Users/davidwong/Development/htdocs/klikmgnew/public_html/protected/yiic(4): require_once()

2018/06/18 04:01:28 [error] [php] Invalid argument supplied for foreach() (/Users/davidwong/Development/htdocs/klikmgnew/public_html/protected/commands/GethoteldetailCommand.php:52)
Stack trace:
#0 /Users/davidwong/Development/htdocs/framework/console/CConsoleCommandRunner.php(71): GethoteldetailCommand->run()
#1 /Users/davidwong/Development/htdocs/framework/console/CConsoleApplication.php(92): CConsoleCommandRunner->run()
#2 /Users/davidwong/Development/htdocs/framework/base/CApplication.php(185): CConsoleApplication->processRequest()
#3 /Users/davidwong/Development/htdocs/framework/yiic.php(33): CConsoleApplication->run()
#4 /Users/davidwong/Development/htdocs/klikmgnew/public_html/protected/yiic.php(8): require_once()
#5 /Users/davidwong/Development/htdocs/klikmgnew/public_html/protected/yiic(4): require_once()

2018/06/18 04:02:33 [error] [php] Illegal string offset 'HotelId' (/Users/davidwong/Development/htdocs/klikmgnew/public_html/protected/commands/GethoteldetailCommand.php:54)
Stack trace:
#0 /Users/davidwong/Development/htdocs/framework/console/CConsoleCommandRunner.php(71): GethoteldetailCommand->run()
#1 /Users/davidwong/Development/htdocs/framework/console/CConsoleApplication.php(92): CConsoleCommandRunner->run()
#2 /Users/davidwong/Development/htdocs/framework/base/CApplication.php(185): CConsoleApplication->processRequest()
#3 /Users/davidwong/Development/htdocs/framework/yiic.php(33): CConsoleApplication->run()
#4 /Users/davidwong/Development/htdocs/klikmgnew/public_html/protected/yiic.php(8): require_once()
#5 /Users/davidwong/Development/htdocs/klikmgnew/public_html/protected/yiic(4): require_once()

2018/06/18 04:03:14 [error] [php] Illegal string offset '@attributes' (/Users/davidwong/Development/htdocs/klikmgnew/public_html/protected/commands/GethoteldetailCommand.php:54)
Stack trace:
#0 /Users/davidwong/Development/htdocs/framework/console/CConsoleCommandRunner.php(71): GethoteldetailCommand->run()
#1 /Users/davidwong/Development/htdocs/framework/console/CConsoleApplication.php(92): CConsoleCommandRunner->run()
#2 /Users/davidwong/Development/htdocs/framework/base/CApplication.php(185): CConsoleApplication->processRequest()
#3 /Users/davidwong/Development/htdocs/framework/yiic.php(33): CConsoleApplication->run()
#4 /Users/davidwong/Development/htdocs/klikmgnew/public_html/protected/yiic.php(8): require_once()
#5 /Users/davidwong/Development/htdocs/klikmgnew/public_html/protected/yiic(4): require_once()

2018/06/18 04:04:10 [error] [php] Illegal string offset '@attributes' (/Users/davidwong/Development/htdocs/klikmgnew/public_html/protected/commands/GethoteldetailCommand.php:53)
Stack trace:
#0 /Users/davidwong/Development/htdocs/framework/console/CConsoleCommandRunner.php(71): GethoteldetailCommand->run()
#1 /Users/davidwong/Development/htdocs/framework/console/CConsoleApplication.php(92): CConsoleCommandRunner->run()
#2 /Users/davidwong/Development/htdocs/framework/base/CApplication.php(185): CConsoleApplication->processRequest()
#3 /Users/davidwong/Development/htdocs/framework/yiic.php(33): CConsoleApplication->run()
#4 /Users/davidwong/Development/htdocs/klikmgnew/public_html/protected/yiic.php(8): require_once()
#5 /Users/davidwong/Development/htdocs/klikmgnew/public_html/protected/yiic(4): require_once()

2018/06/18 04:04:32 [error] [php] Illegal string offset '@attributes' (/Users/davidwong/Development/htdocs/klikmgnew/public_html/protected/commands/GethoteldetailCommand.php:53)
Stack trace:
#0 /Users/davidwong/Development/htdocs/framework/console/CConsoleCommandRunner.php(71): GethoteldetailCommand->run()
#1 /Users/davidwong/Development/htdocs/framework/console/CConsoleApplication.php(92): CConsoleCommandRunner->run()
#2 /Users/davidwong/Development/htdocs/framework/base/CApplication.php(185): CConsoleApplication->processRequest()
#3 /Users/davidwong/Development/htdocs/framework/yiic.php(33): CConsoleApplication->run()
#4 /Users/davidwong/Development/htdocs/klikmgnew/public_html/protected/yiic.php(8): require_once()
#5 /Users/davidwong/Development/htdocs/klikmgnew/public_html/protected/yiic(4): require_once()

2018/06/18 04:04:43 [error] [php] Illegal string offset 'HotelId' (/Users/davidwong/Development/htdocs/klikmgnew/public_html/protected/commands/GethoteldetailCommand.php:53)
Stack trace:
#0 /Users/davidwong/Development/htdocs/framework/console/CConsoleCommandRunner.php(71): GethoteldetailCommand->run()
#1 /Users/davidwong/Development/htdocs/framework/console/CConsoleApplication.php(92): CConsoleCommandRunner->run()
#2 /Users/davidwong/Development/htdocs/framework/base/CApplication.php(185): CConsoleApplication->processRequest()
#3 /Users/davidwong/Development/htdocs/framework/yiic.php(33): CConsoleApplication->run()
#4 /Users/davidwong/Development/htdocs/klikmgnew/public_html/protected/yiic.php(8): require_once()
#5 /Users/davidwong/Development/htdocs/klikmgnew/public_html/protected/yiic(4): require_once()

2018/06/18 04:05:03 [error] [php] Illegal string offset 'HotelId' (/Users/davidwong/Development/htdocs/klikmgnew/public_html/protected/commands/GethoteldetailCommand.php:53)
Stack trace:
#0 /Users/davidwong/Development/htdocs/framework/console/CConsoleCommandRunner.php(71): GethoteldetailCommand->run()
#1 /Users/davidwong/Development/htdocs/framework/console/CConsoleApplication.php(92): CConsoleCommandRunner->run()
#2 /Users/davidwong/Development/htdocs/framework/base/CApplication.php(185): CConsoleApplication->processRequest()
#3 /Users/davidwong/Development/htdocs/framework/yiic.php(33): CConsoleApplication->run()
#4 /Users/davidwong/Development/htdocs/klikmgnew/public_html/protected/yiic.php(8): require_once()
#5 /Users/davidwong/Development/htdocs/klikmgnew/public_html/protected/yiic(4): require_once()

2018/06/18 04:06:37 [error] [php] Use of undefined constant HotelId - assumed 'HotelId' (this will throw an Error in a future version of PHP) (/Users/davidwong/Development/htdocs/klikmgnew/public_html/protected/commands/GethoteldetailCommand.php:53)
Stack trace:
#0 /Users/davidwong/Development/htdocs/framework/console/CConsoleCommandRunner.php(71): GethoteldetailCommand->run()
#1 /Users/davidwong/Development/htdocs/framework/console/CConsoleApplication.php(92): CConsoleCommandRunner->run()
#2 /Users/davidwong/Development/htdocs/framework/base/CApplication.php(185): CConsoleApplication->processRequest()
#3 /Users/davidwong/Development/htdocs/framework/yiic.php(33): CConsoleApplication->run()
#4 /Users/davidwong/Development/htdocs/klikmgnew/public_html/protected/yiic.php(8): require_once()
#5 /Users/davidwong/Development/htdocs/klikmgnew/public_html/protected/yiic(4): require_once()

2018/06/18 04:07:29 [error] [exception.ParseError] ParseError: syntax error, unexpected ';', expecting '=' in /Users/davidwong/Development/htdocs/klikmgnew/public_html/protected/commands/GethoteldetailCommand.php:4
Stack trace:
#0 /Users/davidwong/Development/htdocs/framework/console/CConsoleCommandRunner.php(67): CConsoleCommandRunner->createCommand('gethoteldetail')
#1 /Users/davidwong/Development/htdocs/framework/console/CConsoleApplication.php(92): CConsoleCommandRunner->run(Array)
#2 /Users/davidwong/Development/htdocs/framework/base/CApplication.php(185): CConsoleApplication->processRequest()
#3 /Users/davidwong/Development/htdocs/framework/yiic.php(33): CApplication->run()
#4 /Users/davidwong/Development/htdocs/klikmgnew/public_html/protected/yiic.php(8): require_once('/Users/davidwon...')
#5 /Users/davidwong/Development/htdocs/klikmgnew/public_html/protected/yiic(4): require_once('/Users/davidwon...')
#6 {main}
---
2018/06/18 04:07:37 [error] [exception.ParseError] ParseError: syntax error, unexpected ';', expecting '=' in /Users/davidwong/Development/htdocs/klikmgnew/public_html/protected/commands/GethoteldetailCommand.php:4
Stack trace:
#0 /Users/davidwong/Development/htdocs/framework/console/CConsoleCommandRunner.php(67): CConsoleCommandRunner->createCommand('gethoteldetail')
#1 /Users/davidwong/Development/htdocs/framework/console/CConsoleApplication.php(92): CConsoleCommandRunner->run(Array)
#2 /Users/davidwong/Development/htdocs/framework/base/CApplication.php(185): CConsoleApplication->processRequest()
#3 /Users/davidwong/Development/htdocs/framework/yiic.php(33): CApplication->run()
#4 /Users/davidwong/Development/htdocs/klikmgnew/public_html/protected/yiic.php(8): require_once('/Users/davidwon...')
#5 /Users/davidwong/Development/htdocs/klikmgnew/public_html/protected/yiic(4): require_once('/Users/davidwon...')
#6 {main}
---
2018/06/18 04:10:42 [error] [php] Illegal string offset 'Email' (/Users/davidwong/Development/htdocs/klikmgnew/public_html/protected/commands/GethoteldetailCommand.php:69)
Stack trace:
#0 /Users/davidwong/Development/htdocs/framework/console/CConsoleCommandRunner.php(71): GethoteldetailCommand->run()
#1 /Users/davidwong/Development/htdocs/framework/console/CConsoleApplication.php(92): CConsoleCommandRunner->run()
#2 /Users/davidwong/Development/htdocs/framework/base/CApplication.php(185): CConsoleApplication->processRequest()
#3 /Users/davidwong/Development/htdocs/framework/yiic.php(33): CConsoleApplication->run()
#4 /Users/davidwong/Development/htdocs/klikmgnew/public_html/protected/yiic.php(8): require_once()
#5 /Users/davidwong/Development/htdocs/klikmgnew/public_html/protected/yiic(4): require_once()

2018/06/18 04:16:05 [error] [php] trim() expects parameter 1 to be string, array given (/Users/davidwong/Development/htdocs/klikmgnew/public_html/protected/components/Helper.php:305)
Stack trace:
#0 unknown(0): GethoteldetailCommand->actionSavehoteldata()
#1 /Users/davidwong/Development/htdocs/framework/console/CConsoleCommand.php(172): ReflectionMethod->invokeArgs()
#2 /Users/davidwong/Development/htdocs/framework/console/CConsoleCommandRunner.php(71): GethoteldetailCommand->run()
#3 /Users/davidwong/Development/htdocs/framework/console/CConsoleApplication.php(92): CConsoleCommandRunner->run()
#4 /Users/davidwong/Development/htdocs/framework/base/CApplication.php(185): CConsoleApplication->processRequest()
#5 /Users/davidwong/Development/htdocs/framework/yiic.php(33): CConsoleApplication->run()
#6 /Users/davidwong/Development/htdocs/klikmgnew/public_html/protected/yiic.php(8): require_once()
#7 /Users/davidwong/Development/htdocs/klikmgnew/public_html/protected/yiic(4): require_once()

2018/06/18 04:16:33 [error] [php] trim() expects parameter 1 to be string, array given (/Users/davidwong/Development/htdocs/klikmgnew/public_html/protected/components/Helper.php:305)
Stack trace:
#0 unknown(0): GethoteldetailCommand->actionSavehoteldata()
#1 /Users/davidwong/Development/htdocs/framework/console/CConsoleCommand.php(172): ReflectionMethod->invokeArgs()
#2 /Users/davidwong/Development/htdocs/framework/console/CConsoleCommandRunner.php(71): GethoteldetailCommand->run()
#3 /Users/davidwong/Development/htdocs/framework/console/CConsoleApplication.php(92): CConsoleCommandRunner->run()
#4 /Users/davidwong/Development/htdocs/framework/base/CApplication.php(185): CConsoleApplication->processRequest()
#5 /Users/davidwong/Development/htdocs/framework/yiic.php(33): CConsoleApplication->run()
#6 /Users/davidwong/Development/htdocs/klikmgnew/public_html/protected/yiic.php(8): require_once()
#7 /Users/davidwong/Development/htdocs/klikmgnew/public_html/protected/yiic(4): require_once()

2018/06/18 04:17:58 [error] [php] trim() expects parameter 1 to be string, array given (/Users/davidwong/Development/htdocs/klikmgnew/public_html/protected/components/Helper.php:305)
Stack trace:
#0 unknown(0): GethoteldetailCommand->actionSavehoteldata()
#1 /Users/davidwong/Development/htdocs/framework/console/CConsoleCommand.php(172): ReflectionMethod->invokeArgs()
#2 /Users/davidwong/Development/htdocs/framework/console/CConsoleCommandRunner.php(71): GethoteldetailCommand->run()
#3 /Users/davidwong/Development/htdocs/framework/console/CConsoleApplication.php(92): CConsoleCommandRunner->run()
#4 /Users/davidwong/Development/htdocs/framework/base/CApplication.php(185): CConsoleApplication->processRequest()
#5 /Users/davidwong/Development/htdocs/framework/yiic.php(33): CConsoleApplication->run()
#6 /Users/davidwong/Development/htdocs/klikmgnew/public_html/protected/yiic.php(8): require_once()
#7 /Users/davidwong/Development/htdocs/klikmgnew/public_html/protected/yiic(4): require_once()

2018/06/18 04:18:48 [error] [php] trim() expects parameter 1 to be string, array given (/Users/davidwong/Development/htdocs/klikmgnew/public_html/protected/components/Helper.php:305)
Stack trace:
#0 unknown(0): GethoteldetailCommand->actionSavehoteldata()
#1 /Users/davidwong/Development/htdocs/framework/console/CConsoleCommand.php(172): ReflectionMethod->invokeArgs()
#2 /Users/davidwong/Development/htdocs/framework/console/CConsoleCommandRunner.php(71): GethoteldetailCommand->run()
#3 /Users/davidwong/Development/htdocs/framework/console/CConsoleApplication.php(92): CConsoleCommandRunner->run()
#4 /Users/davidwong/Development/htdocs/framework/base/CApplication.php(185): CConsoleApplication->processRequest()
#5 /Users/davidwong/Development/htdocs/framework/yiic.php(33): CConsoleApplication->run()
#6 /Users/davidwong/Development/htdocs/klikmgnew/public_html/protected/yiic.php(8): require_once()
#7 /Users/davidwong/Development/htdocs/klikmgnew/public_html/protected/yiic(4): require_once()

2018/06/18 04:19:32 [error] [php] trim() expects parameter 1 to be string, array given (/Users/davidwong/Development/htdocs/klikmgnew/public_html/protected/components/Helper.php:305)
Stack trace:
#0 unknown(0): GethoteldetailCommand->actionSavehoteldata()
#1 /Users/davidwong/Development/htdocs/framework/console/CConsoleCommand.php(172): ReflectionMethod->invokeArgs()
#2 /Users/davidwong/Development/htdocs/framework/console/CConsoleCommandRunner.php(71): GethoteldetailCommand->run()
#3 /Users/davidwong/Development/htdocs/framework/console/CConsoleApplication.php(92): CConsoleCommandRunner->run()
#4 /Users/davidwong/Development/htdocs/framework/base/CApplication.php(185): CConsoleApplication->processRequest()
#5 /Users/davidwong/Development/htdocs/framework/yiic.php(33): CConsoleApplication->run()
#6 /Users/davidwong/Development/htdocs/klikmgnew/public_html/protected/yiic.php(8): require_once()
#7 /Users/davidwong/Development/htdocs/klikmgnew/public_html/protected/yiic(4): require_once()

2018/06/18 04:20:44 [error] [php] trim() expects parameter 1 to be string, array given (/Users/davidwong/Development/htdocs/klikmgnew/public_html/protected/components/Helper.php:305)
Stack trace:
#0 unknown(0): GethoteldetailCommand->actionSavehoteldata()
#1 /Users/davidwong/Development/htdocs/framework/console/CConsoleCommand.php(172): ReflectionMethod->invokeArgs()
#2 /Users/davidwong/Development/htdocs/framework/console/CConsoleCommandRunner.php(71): GethoteldetailCommand->run()
#3 /Users/davidwong/Development/htdocs/framework/console/CConsoleApplication.php(92): CConsoleCommandRunner->run()
#4 /Users/davidwong/Development/htdocs/framework/base/CApplication.php(185): CConsoleApplication->processRequest()
#5 /Users/davidwong/Development/htdocs/framework/yiic.php(33): CConsoleApplication->run()
#6 /Users/davidwong/Development/htdocs/klikmgnew/public_html/protected/yiic.php(8): require_once()
#7 /Users/davidwong/Development/htdocs/klikmgnew/public_html/protected/yiic(4): require_once()

2018/06/18 04:20:50 [error] [php] trim() expects parameter 1 to be string, array given (/Users/davidwong/Development/htdocs/klikmgnew/public_html/protected/components/Helper.php:305)
Stack trace:
#0 unknown(0): GethoteldetailCommand->actionSavehoteldata()
#1 /Users/davidwong/Development/htdocs/framework/console/CConsoleCommand.php(172): ReflectionMethod->invokeArgs()
#2 /Users/davidwong/Development/htdocs/framework/console/CConsoleCommandRunner.php(71): GethoteldetailCommand->run()
#3 /Users/davidwong/Development/htdocs/framework/console/CConsoleApplication.php(92): CConsoleCommandRunner->run()
#4 /Users/davidwong/Development/htdocs/framework/base/CApplication.php(185): CConsoleApplication->processRequest()
#5 /Users/davidwong/Development/htdocs/framework/yiic.php(33): CConsoleApplication->run()
#6 /Users/davidwong/Development/htdocs/klikmgnew/public_html/protected/yiic.php(8): require_once()
#7 /Users/davidwong/Development/htdocs/klikmgnew/public_html/protected/yiic(4): require_once()

2018/06/18 04:22:00 [error] [php] Undefined variable: listHotel (/Users/davidwong/Development/htdocs/klikmgnew/public_html/protected/commands/GethoteldetailCommand.php:67)
Stack trace:
#0 /Users/davidwong/Development/htdocs/framework/console/CConsoleCommandRunner.php(71): GethoteldetailCommand->run()
#1 /Users/davidwong/Development/htdocs/framework/console/CConsoleApplication.php(92): CConsoleCommandRunner->run()
#2 /Users/davidwong/Development/htdocs/framework/base/CApplication.php(185): CConsoleApplication->processRequest()
#3 /Users/davidwong/Development/htdocs/framework/yiic.php(33): CConsoleApplication->run()
#4 /Users/davidwong/Development/htdocs/klikmgnew/public_html/protected/yiic.php(8): require_once()
#5 /Users/davidwong/Development/htdocs/klikmgnew/public_html/protected/yiic(4): require_once()

2018/06/18 04:22:58 [error] [php] trim() expects parameter 1 to be string, array given (/Users/davidwong/Development/htdocs/klikmgnew/public_html/protected/components/Helper.php:305)
Stack trace:
#0 unknown(0): GethoteldetailCommand->actionSavehoteldata()
#1 /Users/davidwong/Development/htdocs/framework/console/CConsoleCommand.php(172): ReflectionMethod->invokeArgs()
#2 /Users/davidwong/Development/htdocs/framework/console/CConsoleCommandRunner.php(71): GethoteldetailCommand->run()
#3 /Users/davidwong/Development/htdocs/framework/console/CConsoleApplication.php(92): CConsoleCommandRunner->run()
#4 /Users/davidwong/Development/htdocs/framework/base/CApplication.php(185): CConsoleApplication->processRequest()
#5 /Users/davidwong/Development/htdocs/framework/yiic.php(33): CConsoleApplication->run()
#6 /Users/davidwong/Development/htdocs/klikmgnew/public_html/protected/yiic.php(8): require_once()
#7 /Users/davidwong/Development/htdocs/klikmgnew/public_html/protected/yiic(4): require_once()

2018/06/18 04:24:04 [error] [php] trim() expects parameter 1 to be string, array given (/Users/davidwong/Development/htdocs/klikmgnew/public_html/protected/components/Helper.php:305)
Stack trace:
#0 unknown(0): GethoteldetailCommand->actionSavehoteldata()
#1 /Users/davidwong/Development/htdocs/framework/console/CConsoleCommand.php(172): ReflectionMethod->invokeArgs()
#2 /Users/davidwong/Development/htdocs/framework/console/CConsoleCommandRunner.php(71): GethoteldetailCommand->run()
#3 /Users/davidwong/Development/htdocs/framework/console/CConsoleApplication.php(92): CConsoleCommandRunner->run()
#4 /Users/davidwong/Development/htdocs/framework/base/CApplication.php(185): CConsoleApplication->processRequest()
#5 /Users/davidwong/Development/htdocs/framework/yiic.php(33): CConsoleApplication->run()
#6 /Users/davidwong/Development/htdocs/klikmgnew/public_html/protected/yiic.php(8): require_once()
#7 /Users/davidwong/Development/htdocs/klikmgnew/public_html/protected/yiic(4): require_once()

2018/06/18 04:45:30 [error] [exception.ParseError] ParseError: syntax error, unexpected '}', expecting end of file in /Users/davidwong/Development/htdocs/klikmgnew/public_html/protected/commands/GethoteldetailCommand.php:121
Stack trace:
#0 /Users/davidwong/Development/htdocs/framework/console/CConsoleCommandRunner.php(67): CConsoleCommandRunner->createCommand('gethoteldetail')
#1 /Users/davidwong/Development/htdocs/framework/console/CConsoleApplication.php(92): CConsoleCommandRunner->run(Array)
#2 /Users/davidwong/Development/htdocs/framework/base/CApplication.php(185): CConsoleApplication->processRequest()
#3 /Users/davidwong/Development/htdocs/framework/yiic.php(33): CApplication->run()
#4 /Users/davidwong/Development/htdocs/klikmgnew/public_html/protected/yiic.php(8): require_once('/Users/davidwon...')
#5 /Users/davidwong/Development/htdocs/klikmgnew/public_html/protected/yiic(4): require_once('/Users/davidwon...')
#6 {main}
---
2018/06/18 04:46:42 [error] [system.db.CDbCommand] CDbCommand::execute() failed: SQLSTATE[42S22]: Column not found: 1054 Unknown column 'tghuploadhotel.property_cd' in 'on clause'. The SQL statement executed was: UPDATE tghproperty
                JOIN tghuploadhoteldetail ON tghproperty.property_cd = tghuploadhotel.property_cd
                SET tghproperty.property_name = tghuploadhoteldetail.property_name
                , tghproperty.market_name = tghuploadhoteldetail.market_name
                , tghproperty.addressline1 = tghuploadhoteldetail.address_line1
                , tghproperty.addressline2 = tghuploadhoteldetail.address_line2
                , tghproperty.locationinstruction = tghuploadhoteldetail.location
                , tghproperty.hotel_phone_number = tghuploadhoteldetail.telephone
                , tghproperty.bookingconfirmationemail = tghuploadhoteldetail.email
                , tghproperty.numberofstar = tghuploadhoteldetail.rating
                , tghproperty.update_dt = :udt;.
2018/06/18 04:47:38 [error] [system.db.CDbCommand] CDbCommand::execute() failed: SQLSTATE[42S22]: Column not found: 1054 Unknown column 'tghuploadhoteldetail.market_name' in 'field list'. The SQL statement executed was: UPDATE tghproperty
                JOIN tghuploadhoteldetail ON tghproperty.property_cd = tghuploadhoteldetail.property_cd
                SET tghproperty.property_name = tghuploadhoteldetail.property_name
                , tghproperty.market_name = tghuploadhoteldetail.market_name
                , tghproperty.addressline1 = tghuploadhoteldetail.address_line1
                , tghproperty.addressline2 = tghuploadhoteldetail.address_line2
                , tghproperty.locationinstruction = tghuploadhoteldetail.location
                , tghproperty.hotel_phone_number = tghuploadhoteldetail.telephone
                , tghproperty.bookingconfirmationemail = tghuploadhoteldetail.email
                , tghproperty.numberofstar = tghuploadhoteldetail.rating
                , tghproperty.update_dt = :udt;.
2018/06/18 04:53:12 [error] [php] Array to string conversion (/Users/davidwong/Development/htdocs/klikmgnew/public_html/protected/views/commands/req_gethoteldetail.php:4)
Stack trace:
#0 unknown(0): GethoteldetailCommand->actionSavehoteldata()
#1 /Users/davidwong/Development/htdocs/framework/console/CConsoleCommand.php(172): ReflectionMethod->invokeArgs()
#2 /Users/davidwong/Development/htdocs/framework/console/CConsoleCommandRunner.php(71): GethoteldetailCommand->run()
#3 /Users/davidwong/Development/htdocs/framework/console/CConsoleApplication.php(92): CConsoleCommandRunner->run()
#4 /Users/davidwong/Development/htdocs/framework/base/CApplication.php(185): CConsoleApplication->processRequest()
#5 /Users/davidwong/Development/htdocs/framework/yiic.php(33): CConsoleApplication->run()
#6 /Users/davidwong/Development/htdocs/klikmgnew/public_html/protected/yiic.php(8): require_once()
#7 /Users/davidwong/Development/htdocs/klikmgnew/public_html/protected/yiic(4): require_once()

2018/06/18 04:53:46 [error] [php] Undefined variable: hotelCode (/Users/davidwong/Development/htdocs/klikmgnew/public_html/protected/commands/GethoteldetailCommand.php:29)
Stack trace:
#0 /Users/davidwong/Development/htdocs/framework/console/CConsoleCommandRunner.php(71): GethoteldetailCommand->run()
#1 /Users/davidwong/Development/htdocs/framework/console/CConsoleApplication.php(92): CConsoleCommandRunner->run()
#2 /Users/davidwong/Development/htdocs/framework/base/CApplication.php(185): CConsoleApplication->processRequest()
#3 /Users/davidwong/Development/htdocs/framework/yiic.php(33): CConsoleApplication->run()
#4 /Users/davidwong/Development/htdocs/klikmgnew/public_html/protected/yiic.php(8): require_once()
#5 /Users/davidwong/Development/htdocs/klikmgnew/public_html/protected/yiic(4): require_once()

2018/06/18 04:55:54 [error] [php] Array to string conversion (/Users/davidwong/Development/htdocs/klikmgnew/public_html/protected/views/commands/req_gethoteldetail.php:4)
Stack trace:
#0 unknown(0): GethoteldetailCommand->actionSavehoteldata()
#1 /Users/davidwong/Development/htdocs/framework/console/CConsoleCommand.php(172): ReflectionMethod->invokeArgs()
#2 /Users/davidwong/Development/htdocs/framework/console/CConsoleCommandRunner.php(71): GethoteldetailCommand->run()
#3 /Users/davidwong/Development/htdocs/framework/console/CConsoleApplication.php(92): CConsoleCommandRunner->run()
#4 /Users/davidwong/Development/htdocs/framework/base/CApplication.php(185): CConsoleApplication->processRequest()
#5 /Users/davidwong/Development/htdocs/framework/yiic.php(33): CConsoleApplication->run()
#6 /Users/davidwong/Development/htdocs/klikmgnew/public_html/protected/yiic.php(8): require_once()
#7 /Users/davidwong/Development/htdocs/klikmgnew/public_html/protected/yiic(4): require_once()

2018/06/18 04:57:15 [error] [php] Array to string conversion (/Users/davidwong/Development/htdocs/klikmgnew/public_html/protected/views/commands/req_gethoteldetail.php:4)
Stack trace:
#0 unknown(0): GethoteldetailCommand->actionSavehoteldata()
#1 /Users/davidwong/Development/htdocs/framework/console/CConsoleCommand.php(172): ReflectionMethod->invokeArgs()
#2 /Users/davidwong/Development/htdocs/framework/console/CConsoleCommandRunner.php(71): GethoteldetailCommand->run()
#3 /Users/davidwong/Development/htdocs/framework/console/CConsoleApplication.php(92): CConsoleCommandRunner->run()
#4 /Users/davidwong/Development/htdocs/framework/base/CApplication.php(185): CConsoleApplication->processRequest()
#5 /Users/davidwong/Development/htdocs/framework/yiic.php(33): CConsoleApplication->run()
#6 /Users/davidwong/Development/htdocs/klikmgnew/public_html/protected/yiic.php(8): require_once()
#7 /Users/davidwong/Development/htdocs/klikmgnew/public_html/protected/yiic(4): require_once()

2018/06/18 04:58:15 [error] [php] trim() expects parameter 1 to be string, array given (/Users/davidwong/Development/htdocs/klikmgnew/public_html/protected/components/Helper.php:305)
Stack trace:
#0 unknown(0): GethoteldetailCommand->actionSavehoteldata()
#1 /Users/davidwong/Development/htdocs/framework/console/CConsoleCommand.php(172): ReflectionMethod->invokeArgs()
#2 /Users/davidwong/Development/htdocs/framework/console/CConsoleCommandRunner.php(71): GethoteldetailCommand->run()
#3 /Users/davidwong/Development/htdocs/framework/console/CConsoleApplication.php(92): CConsoleCommandRunner->run()
#4 /Users/davidwong/Development/htdocs/framework/base/CApplication.php(185): CConsoleApplication->processRequest()
#5 /Users/davidwong/Development/htdocs/framework/yiic.php(33): CConsoleApplication->run()
#6 /Users/davidwong/Development/htdocs/klikmgnew/public_html/protected/yiic.php(8): require_once()
#7 /Users/davidwong/Development/htdocs/klikmgnew/public_html/protected/yiic(4): require_once()

2018/06/18 04:58:54 [error] [php] trim() expects parameter 1 to be string, array given (/Users/davidwong/Development/htdocs/klikmgnew/public_html/protected/components/Helper.php:305)
Stack trace:
#0 unknown(0): GethoteldetailCommand->actionSavehoteldata()
#1 /Users/davidwong/Development/htdocs/framework/console/CConsoleCommand.php(172): ReflectionMethod->invokeArgs()
#2 /Users/davidwong/Development/htdocs/framework/console/CConsoleCommandRunner.php(71): GethoteldetailCommand->run()
#3 /Users/davidwong/Development/htdocs/framework/console/CConsoleApplication.php(92): CConsoleCommandRunner->run()
#4 /Users/davidwong/Development/htdocs/framework/base/CApplication.php(185): CConsoleApplication->processRequest()
#5 /Users/davidwong/Development/htdocs/framework/yiic.php(33): CConsoleApplication->run()
#6 /Users/davidwong/Development/htdocs/klikmgnew/public_html/protected/yiic.php(8): require_once()
#7 /Users/davidwong/Development/htdocs/klikmgnew/public_html/protected/yiic(4): require_once()

2018/06/18 04:59:24 [error] [php] Array to string conversion (/Users/davidwong/Development/htdocs/klikmgnew/public_html/protected/components/Helper.php:312)
Stack trace:
#0 /Users/davidwong/Development/htdocs/framework/console/CConsoleCommand.php(172): ReflectionMethod->invokeArgs()
#1 /Users/davidwong/Development/htdocs/framework/console/CConsoleCommandRunner.php(71): GethoteldetailCommand->run()
#2 /Users/davidwong/Development/htdocs/framework/console/CConsoleApplication.php(92): CConsoleCommandRunner->run()
#3 /Users/davidwong/Development/htdocs/framework/base/CApplication.php(185): CConsoleApplication->processRequest()
#4 /Users/davidwong/Development/htdocs/framework/yiic.php(33): CConsoleApplication->run()
#5 /Users/davidwong/Development/htdocs/klikmgnew/public_html/protected/yiic.php(8): require_once()
#6 /Users/davidwong/Development/htdocs/klikmgnew/public_html/protected/yiic(4): require_once()

2018/06/18 04:59:35 [error] [php] Array to string conversion (/Users/davidwong/Development/htdocs/klikmgnew/public_html/protected/components/Helper.php:312)
Stack trace:
#0 /Users/davidwong/Development/htdocs/framework/console/CConsoleCommand.php(172): ReflectionMethod->invokeArgs()
#1 /Users/davidwong/Development/htdocs/framework/console/CConsoleCommandRunner.php(71): GethoteldetailCommand->run()
#2 /Users/davidwong/Development/htdocs/framework/console/CConsoleApplication.php(92): CConsoleCommandRunner->run()
#3 /Users/davidwong/Development/htdocs/framework/base/CApplication.php(185): CConsoleApplication->processRequest()
#4 /Users/davidwong/Development/htdocs/framework/yiic.php(33): CConsoleApplication->run()
#5 /Users/davidwong/Development/htdocs/klikmgnew/public_html/protected/yiic.php(8): require_once()
#6 /Users/davidwong/Development/htdocs/klikmgnew/public_html/protected/yiic(4): require_once()

2018/06/18 06:11:24 [error] [php] Array to string conversion (/Users/davidwong/Development/htdocs/klikmgnew/public_html/protected/components/Helper.php:312)
Stack trace:
#0 /Users/davidwong/Development/htdocs/framework/console/CConsoleCommand.php(172): ReflectionMethod->invokeArgs()
#1 /Users/davidwong/Development/htdocs/framework/console/CConsoleCommandRunner.php(71): GethoteldetailCommand->run()
#2 /Users/davidwong/Development/htdocs/framework/console/CConsoleApplication.php(92): CConsoleCommandRunner->run()
#3 /Users/davidwong/Development/htdocs/framework/base/CApplication.php(185): CConsoleApplication->processRequest()
#4 /Users/davidwong/Development/htdocs/framework/yiic.php(33): CConsoleApplication->run()
#5 /Users/davidwong/Development/htdocs/klikmgnew/public_html/protected/yiic.php(8): require_once()
#6 /Users/davidwong/Development/htdocs/klikmgnew/public_html/protected/yiic(4): require_once()

2018/06/18 06:11:47 [error] [php] trim() expects parameter 1 to be string, array given (/Users/davidwong/Development/htdocs/klikmgnew/public_html/protected/components/Helper.php:305)
Stack trace:
#0 unknown(0): GethoteldetailCommand->actionSavehoteldata()
#1 /Users/davidwong/Development/htdocs/framework/console/CConsoleCommand.php(172): ReflectionMethod->invokeArgs()
#2 /Users/davidwong/Development/htdocs/framework/console/CConsoleCommandRunner.php(71): GethoteldetailCommand->run()
#3 /Users/davidwong/Development/htdocs/framework/console/CConsoleApplication.php(92): CConsoleCommandRunner->run()
#4 /Users/davidwong/Development/htdocs/framework/base/CApplication.php(185): CConsoleApplication->processRequest()
#5 /Users/davidwong/Development/htdocs/framework/yiic.php(33): CConsoleApplication->run()
#6 /Users/davidwong/Development/htdocs/klikmgnew/public_html/protected/yiic.php(8): require_once()
#7 /Users/davidwong/Development/htdocs/klikmgnew/public_html/protected/yiic(4): require_once()

2018/06/18 06:14:03 [error] [php] Array to string conversion (/Users/davidwong/Development/htdocs/klikmgnew/public_html/protected/components/Helper.php:312)
Stack trace:
#0 /Users/davidwong/Development/htdocs/framework/console/CConsoleCommand.php(172): ReflectionMethod->invokeArgs()
#1 /Users/davidwong/Development/htdocs/framework/console/CConsoleCommandRunner.php(71): GethoteldetailCommand->run()
#2 /Users/davidwong/Development/htdocs/framework/console/CConsoleApplication.php(92): CConsoleCommandRunner->run()
#3 /Users/davidwong/Development/htdocs/framework/base/CApplication.php(185): CConsoleApplication->processRequest()
#4 /Users/davidwong/Development/htdocs/framework/yiic.php(33): CConsoleApplication->run()
#5 /Users/davidwong/Development/htdocs/klikmgnew/public_html/protected/yiic.php(8): require_once()
#6 /Users/davidwong/Development/htdocs/klikmgnew/public_html/protected/yiic(4): require_once()

2018/06/18 06:42:56 [error] [php] trim() expects parameter 1 to be string, array given (/Users/davidwong/Development/htdocs/klikmgnew/public_html/protected/components/Helper.php:305)
Stack trace:
#0 unknown(0): GethoteldetailCommand->actionSavehoteldata()
#1 /Users/davidwong/Development/htdocs/framework/console/CConsoleCommand.php(172): ReflectionMethod->invokeArgs()
#2 /Users/davidwong/Development/htdocs/framework/console/CConsoleCommandRunner.php(71): GethoteldetailCommand->run()
#3 /Users/davidwong/Development/htdocs/framework/console/CConsoleApplication.php(92): CConsoleCommandRunner->run()
#4 /Users/davidwong/Development/htdocs/framework/base/CApplication.php(185): CConsoleApplication->processRequest()
#5 /Users/davidwong/Development/htdocs/framework/yiic.php(33): CConsoleApplication->run()
#6 /Users/davidwong/Development/htdocs/klikmgnew/public_html/protected/yiic.php(8): require_once()
#7 /Users/davidwong/Development/htdocs/klikmgnew/public_html/protected/yiic(4): require_once()

2018/06/18 06:44:32 [error] [php] trim() expects parameter 1 to be string, array given (/Users/davidwong/Development/htdocs/klikmgnew/public_html/protected/components/Helper.php:305)
Stack trace:
#0 unknown(0): GethoteldetailCommand->actionSavehoteldata()
#1 /Users/davidwong/Development/htdocs/framework/console/CConsoleCommand.php(172): ReflectionMethod->invokeArgs()
#2 /Users/davidwong/Development/htdocs/framework/console/CConsoleCommandRunner.php(71): GethoteldetailCommand->run()
#3 /Users/davidwong/Development/htdocs/framework/console/CConsoleApplication.php(92): CConsoleCommandRunner->run()
#4 /Users/davidwong/Development/htdocs/framework/base/CApplication.php(185): CConsoleApplication->processRequest()
#5 /Users/davidwong/Development/htdocs/framework/yiic.php(33): CConsoleApplication->run()
#6 /Users/davidwong/Development/htdocs/klikmgnew/public_html/protected/yiic.php(8): require_once()
#7 /Users/davidwong/Development/htdocs/klikmgnew/public_html/protected/yiic(4): require_once()

2018/06/18 06:48:36 [error] [system.db.CDbCommand] CDbCommand::execute() failed: SQLSTATE[22001]: String data, right truncated: 1406 Data too long for column 'hotel_phone_number' at row 6. The SQL statement executed was: UPDATE tghproperty
                JOIN tghuploadhoteldetail ON tghproperty.property_cd = tghuploadhoteldetail.property_cd
                SET tghproperty.property_name = tghuploadhoteldetail.property_name
                , tghproperty.addressline1 = tghuploadhoteldetail.address_line1
                , tghproperty.addressline2 = tghuploadhoteldetail.address_line2
                , tghproperty.locationinstruction = tghuploadhoteldetail.location
                , tghproperty.hotel_phone_number = tghuploadhoteldetail.telephone
                , tghproperty.bookingconfirmationemail = tghuploadhoteldetail.email
                , tghproperty.numberofstar = tghuploadhoteldetail.rating
                , tghproperty.update_dt = :udt;.
2018/06/18 06:49:56 [error] [php] trim() expects parameter 1 to be string, array given (/Users/davidwong/Development/htdocs/klikmgnew/public_html/protected/components/Helper.php:305)
Stack trace:
#0 unknown(0): GethoteldetailCommand->actionSavehoteldata()
#1 /Users/davidwong/Development/htdocs/framework/console/CConsoleCommand.php(172): ReflectionMethod->invokeArgs()
#2 /Users/davidwong/Development/htdocs/framework/console/CConsoleCommandRunner.php(71): GethoteldetailCommand->run()
#3 /Users/davidwong/Development/htdocs/framework/console/CConsoleApplication.php(92): CConsoleCommandRunner->run()
#4 /Users/davidwong/Development/htdocs/framework/base/CApplication.php(185): CConsoleApplication->processRequest()
#5 /Users/davidwong/Development/htdocs/framework/yiic.php(33): CConsoleApplication->run()
#6 /Users/davidwong/Development/htdocs/klikmgnew/public_html/protected/yiic.php(8): require_once()
#7 /Users/davidwong/Development/htdocs/klikmgnew/public_html/protected/yiic(4): require_once()

